GROUP,PACKAGE,CLASS,INSTRUCTION_MISSED,INSTRUCTION_COVERED,BRANCH_MISSED,BRANCH_COVERED,LINE_MISSED,LINE_COVERED,COMPLEXITY_MISSED,COMPLEXITY_COVERED,METHOD_MISSED,METHOD_COVERED
Dummy,default,User,63,25,6,0,15,8,4,1,1,1
Dummy,default,Book,55,32,8,0,14,11,6,1,2,1
Dummy,default,NameFilter,8,0,0,0,2,0,2,0,2,0
Dummy,default,Catalogue,0,106,0,14,0,27,0,15,0,8
Dummy,default,GenreFilter,8,0,0,0,2,0,2,0,2,0
Dummy,default,YearFilter,8,0,0,0,2,0,2,0,2,0
Dummy,default,Library,8,264,4,32,3,64,4,21,0,7
Dummy,default,Genre,0,9,0,0,0,4,0,1,0,1
Dummy,default,AuthorFilter,8,0,0,0,2,0,2,0,2,0
